<?xml version="1.0" encoding="UTF-8"?>
<!-- Generated by org.testng.reporters.JUnitReportReporter -->
<testsuite hostname="DESKTOP-TLT242D" failures="0" tests="1" name="tests.LoginTest" time="21.453" errors="0" timestamp="2025-02-06T21:11:25 IST" skipped="0">
  <testcase classname="tests.LoginTest" name="validLoginTest" time="21.453"/>
  <system-out/>
</testsuite> <!-- tests.LoginTest -->
