<?xml version="1.0" encoding="UTF-8"?>
<!-- Generated by org.testng.reporters.JUnitReportReporter -->
<testsuite hostname="DESKTOP-TLT242D" failures="0" tests="1" name="tests.LoginTest2" time="9.088" errors="0" timestamp="2024-11-30T10:18:23 IST" skipped="0">
  <testcase classname="tests.LoginTest2" name="validLoginTest" time="9.088"/>
</testsuite> <!-- tests.LoginTest2 -->
